[2015-11-11T10:02:33.026+0700] [glassfish 4.1] [INFO] [NCLS-LOGGING-00009] [javax.enterprise.logging] [tid: _ThreadID=16 _ThreadName=RunLevelControllerThread-1447210952713] [timeMillis: 1447210953026] [levelValue: 800] [[
  Running GlassFish Version: GlassFish Server Open Source Edition  4.1  (build 13)]]

[2015-11-11T10:02:33.026+0700] [glassfish 4.1] [INFO] [NCLS-LOGGING-00010] [javax.enterprise.logging] [tid: _ThreadID=16 _ThreadName=RunLevelControllerThread-1447210952713] [timeMillis: 1447210953026] [levelValue: 800] [[
  Server log file is using Formatter class: com.sun.enterprise.server.logging.ODLLogFormatter]]

[2015-11-11T10:02:33.340+0700] [glassfish 4.1] [INFO] [NCLS-SECURITY-01115] [javax.enterprise.system.core.security] [tid: _ThreadID=17 _ThreadName=RunLevelControllerThread-1447210952744] [timeMillis: 1447210953340] [levelValue: 800] [[
  Realm [admin-realm] of classtype [com.sun.enterprise.security.auth.realm.file.FileRealm] successfully created.]]

[2015-11-11T10:02:33.355+0700] [glassfish 4.1] [INFO] [NCLS-SECURITY-01115] [javax.enterprise.system.core.security] [tid: _ThreadID=17 _ThreadName=RunLevelControllerThread-1447210952744] [timeMillis: 1447210953355] [levelValue: 800] [[
  Realm [file] of classtype [com.sun.enterprise.security.auth.realm.file.FileRealm] successfully created.]]

[2015-11-11T10:02:33.372+0700] [glassfish 4.1] [INFO] [NCLS-SECURITY-01115] [javax.enterprise.system.core.security] [tid: _ThreadID=17 _ThreadName=RunLevelControllerThread-1447210952744] [timeMillis: 1447210953372] [levelValue: 800] [[
  Realm [certificate] of classtype [com.sun.enterprise.security.auth.realm.certificate.CertificateRealm] successfully created.]]

[2015-11-11T10:02:33.722+0700] [glassfish 4.1] [INFO] [SEC-SVCS-00100] [javax.enterprise.security.services] [tid: _ThreadID=18 _ThreadName=RunLevelControllerThread-1447210952744] [timeMillis: 1447210953722] [levelValue: 800] [[
  Authorization Service has successfully initialized.]]

[2015-11-11T10:02:33.770+0700] [glassfish 4.1] [INFO] [] [org.hibernate.validator.internal.util.Version] [tid: _ThreadID=16 _ThreadName=RunLevelControllerThread-1447210952713] [timeMillis: 1447210953770] [levelValue: 800] [[
  HV000001: Hibernate Validator 5.0.0.Final]]

[2015-11-11T10:02:34.130+0700] [glassfish 4.1] [INFO] [] [org.glassfish.ha.store.spi.BackingStoreFactoryRegistry] [tid: _ThreadID=15 _ThreadName=RunLevelControllerThread-1447210952713] [timeMillis: 1447210954130] [levelValue: 800] [[
  Registered org.glassfish.ha.store.adapter.cache.ShoalBackingStoreProxy for persistence-type = replicated in BackingStoreFactoryRegistry]]

[2015-11-11T10:02:34.486+0700] [glassfish 4.1] [INFO] [NCLS-CORE-00087] [javax.enterprise.system.core] [tid: _ThreadID=17 _ThreadName=RunLevelControllerThread-1447210952744] [timeMillis: 1447210954486] [levelValue: 800] [[
  Grizzly Framework 2.3.15 started in: 219ms - bound to [/0.0.0.0:26326]]]

[2015-11-11T10:02:34.582+0700] [glassfish 4.1] [INFO] [NCLS-CORE-00087] [javax.enterprise.system.core] [tid: _ThreadID=17 _ThreadName=RunLevelControllerThread-1447210952744] [timeMillis: 1447210954582] [levelValue: 800] [[
  Grizzly Framework 2.3.15 started in: 15ms - bound to [/0.0.0.0:26327]]]

[2015-11-11T10:02:34.598+0700] [glassfish 4.1] [INFO] [NCLS-CORE-00087] [javax.enterprise.system.core] [tid: _ThreadID=17 _ThreadName=RunLevelControllerThread-1447210952744] [timeMillis: 1447210954598] [levelValue: 800] [[
  Grizzly Framework 2.3.15 started in: 0ms - bound to [/0.0.0.0:26294]]]

[2015-11-11T10:02:34.695+0700] [glassfish 4.1] [INFO] [NCLS-CORE-00087] [javax.enterprise.system.core] [tid: _ThreadID=15 _ThreadName=RunLevelControllerThread-1447210952713] [timeMillis: 1447210954695] [levelValue: 800] [[
  Grizzly Framework 2.3.15 started in: 0ms - bound to [/0.0.0.0:26283]]]

[2015-11-11T10:02:34.805+0700] [glassfish 4.1] [INFO] [NCLS-CORE-00017] [javax.enterprise.system.core] [tid: _ThreadID=1 _ThreadName=main] [timeMillis: 1447210954805] [levelValue: 800] [[
  GlassFish Server Open Source Edition  4.1  (13) startup time : Felix (12,653ms), startup services(2,108ms), total(14,761ms)]]

[2015-11-11T10:02:35.243+0700] [glassfish 4.1] [INFO] [NCLS-JMX-00005] [javax.enterprise.system.jmx] [tid: _ThreadID=60 _ThreadName=Thread-13] [timeMillis: 1447210955243] [levelValue: 800] [[
  JMXStartupService has started JMXConnector on JMXService URL service:jmx:rmi://167.205.35.178:26332/jndi/rmi://167.205.35.178:26332/jmxrmi]]

[2015-11-11T10:02:35.618+0700] [glassfish 4.1] [INFO] [NCLS-CORE-00087] [javax.enterprise.system.core] [tid: _ThreadID=18 _ThreadName=RunLevelControllerThread-1447210952744] [timeMillis: 1447210955618] [levelValue: 800] [[
  Grizzly Framework 2.3.15 started in: 16ms - bound to [/0.0.0.0:33922]]]

[2015-11-11T10:02:35.618+0700] [glassfish 4.1] [INFO] [NCLS-BOOTSTRAP-00027] [javax.enterprise.bootstrap] [tid: _ThreadID=1 _ThreadName=main] [timeMillis: 1447210955618] [levelValue: 800] [[
  Registered com.sun.enterprise.glassfish.bootstrap.osgi.EmbeddedOSGiGlassFishImpl@85776b as OSGi service registration: org.apache.felix.framework.ServiceRegistrationImpl@18ae284.]]

[2015-11-11T10:02:38.007+0700] [glassfish 4.1] [INFO] [NCLS-CORE-00087] [javax.enterprise.system.core] [tid: _ThreadID=37 _ThreadName=pool-8-thread-1] [timeMillis: 1447210958007] [levelValue: 800] [[
  Grizzly Framework 2.3.15 started in: 16ms - bound to [/0.0.0.0:26327]]]

[2015-11-11T10:02:38.179+0700] [glassfish 4.1] [INFO] [NCLS-CORE-00087] [javax.enterprise.system.core] [tid: _ThreadID=36 _ThreadName=pool-7-thread-1] [timeMillis: 1447210958179] [levelValue: 800] [[
  Grizzly Framework 2.3.15 started in: 15ms - bound to [/0.0.0.0:26326]]]

[2015-11-11T10:02:39.943+0700] [glassfish 4.1] [INFO] [] [javax.enterprise.system.tools.deployment.common] [tid: _ThreadID=53 _ThreadName=admin-listener(5)] [timeMillis: 1447210959943] [levelValue: 800] [[
  visiting unvisited references]]

[2015-11-11T10:02:40.771+0700] [glassfish 4.1] [INFO] [AS-WSMETROGLUE-10010] [javax.enterprise.webservices.metroglue] [tid: _ThreadID=53 _ThreadName=admin-listener(5)] [timeMillis: 1447210960771] [levelValue: 800] [[
  Web service endpoint deployment events listener registered successfully.]]

[2015-11-11T10:02:41.305+0700] [glassfish 4.1] [INFO] [NCLS-SECURITY-01002] [javax.enterprise.system.core.security] [tid: _ThreadID=53 _ThreadName=admin-listener(5)] [timeMillis: 1447210961305] [levelValue: 800] [[
  Java security manager is disabled.]]

[2015-11-11T10:02:41.305+0700] [glassfish 4.1] [INFO] [NCLS-SECURITY-01010] [javax.enterprise.system.core.security] [tid: _ThreadID=53 _ThreadName=admin-listener(5)] [timeMillis: 1447210961305] [levelValue: 800] [[
  Entering Security Startup Service.]]

[2015-11-11T10:02:41.305+0700] [glassfish 4.1] [INFO] [NCLS-SECURITY-01143] [javax.enterprise.system.core.security] [tid: _ThreadID=53 _ThreadName=admin-listener(5)] [timeMillis: 1447210961305] [levelValue: 800] [[
  Loading policy provider com.sun.enterprise.security.provider.PolicyWrapper.]]

[2015-11-11T10:02:41.557+0700] [glassfish 4.1] [INFO] [NCLS-SECURITY-01011] [javax.enterprise.system.core.security] [tid: _ThreadID=53 _ThreadName=admin-listener(5)] [timeMillis: 1447210961557] [levelValue: 800] [[
  Security Service(s) started successfully.]]

[2015-11-11T10:02:42.556+0700] [glassfish 4.1] [INFO] [AS-WEB-GLUE-00198] [javax.enterprise.web] [tid: _ThreadID=53 _ThreadName=admin-listener(5)] [timeMillis: 1447210962556] [levelValue: 800] [[
  Created HTTP listener http-listener-1 on host/port 0.0.0.0:26326]]

[2015-11-11T10:02:42.572+0700] [glassfish 4.1] [INFO] [AS-WEB-GLUE-00198] [javax.enterprise.web] [tid: _ThreadID=53 _ThreadName=admin-listener(5)] [timeMillis: 1447210962572] [levelValue: 800] [[
  Created HTTP listener http-listener-2 on host/port 0.0.0.0:26327]]

[2015-11-11T10:02:42.572+0700] [glassfish 4.1] [INFO] [AS-WEB-GLUE-00198] [javax.enterprise.web] [tid: _ThreadID=53 _ThreadName=admin-listener(5)] [timeMillis: 1447210962572] [levelValue: 800] [[
  Created HTTP listener admin-listener on host/port 0.0.0.0:26294]]

[2015-11-11T10:02:42.627+0700] [glassfish 4.1] [INFO] [AS-WEB-GLUE-00200] [javax.enterprise.web] [tid: _ThreadID=53 _ThreadName=admin-listener(5)] [timeMillis: 1447210962627] [levelValue: 800] [[
  Created virtual server server]]

[2015-11-11T10:02:42.627+0700] [glassfish 4.1] [INFO] [AS-WEB-GLUE-00200] [javax.enterprise.web] [tid: _ThreadID=53 _ThreadName=admin-listener(5)] [timeMillis: 1447210962627] [levelValue: 800] [[
  Created virtual server __asadmin]]

[2015-11-11T10:02:43.128+0700] [glassfish 4.1] [INFO] [AS-WEB-CORE-00306] [javax.enterprise.web.core] [tid: _ThreadID=53 _ThreadName=admin-listener(5)] [timeMillis: 1447210963128] [levelValue: 800] [[
  Setting JAAS app name glassfish-web]]

[2015-11-11T10:02:43.128+0700] [glassfish 4.1] [INFO] [AS-WEB-GLUE-00201] [javax.enterprise.web] [tid: _ThreadID=53 _ThreadName=admin-listener(5)] [timeMillis: 1447210963128] [levelValue: 800] [[
  Virtual server server loaded default web module ]]

[2015-11-11T10:02:44.581+0700] [glassfish 4.1] [INFO] [] [javax.enterprise.system.tools.deployment.common] [tid: _ThreadID=53 _ThreadName=admin-listener(5)] [timeMillis: 1447210964581] [levelValue: 800] [[
  visiting unvisited references]]

[2015-11-11T10:02:44.925+0700] [glassfish 4.1] [INFO] [] [javax.enterprise.system.tools.deployment.common] [tid: _ThreadID=53 _ThreadName=admin-listener(5)] [timeMillis: 1447210964925] [levelValue: 800] [[
  visiting unvisited references]]

[2015-11-11T10:02:45.395+0700] [glassfish 4.1] [INFO] [AS-WSJSR109IMPL-00018] [javax.enterprise.webservices] [tid: _ThreadID=53 _ThreadName=admin-listener(5)] [timeMillis: 1447210965395] [levelValue: 800] [[
  Webservice Endpoint deployed QuestionWS
 listening at address at http://Asus-PC:26326/StackExchange_WS/QuestionWS.]]

[2015-11-11T10:02:45.395+0700] [glassfish 4.1] [INFO] [AS-WSJSR109IMPL-00018] [javax.enterprise.webservices] [tid: _ThreadID=53 _ThreadName=admin-listener(5)] [timeMillis: 1447210965395] [levelValue: 800] [[
  Webservice Endpoint deployed UserWS
 listening at address at http://Asus-PC:26326/StackExchange_WS/UserWS.]]

[2015-11-11T10:02:45.395+0700] [glassfish 4.1] [INFO] [AS-WSJSR109IMPL-00018] [javax.enterprise.webservices] [tid: _ThreadID=53 _ThreadName=admin-listener(5)] [timeMillis: 1447210965395] [levelValue: 800] [[
  Webservice Endpoint deployed AnswerWS
 listening at address at http://Asus-PC:26326/StackExchange_WS/AnswerWS.]]

[2015-11-11T10:02:45.395+0700] [glassfish 4.1] [INFO] [AS-WSJSR109IMPL-00018] [javax.enterprise.webservices] [tid: _ThreadID=53 _ThreadName=admin-listener(5)] [timeMillis: 1447210965395] [levelValue: 800] [[
  Webservice Endpoint deployed StackExchangeWS
 listening at address at http://Asus-PC:26326/StackExchange_WS/StackExchangeWS.]]

[2015-11-11T10:02:45.411+0700] [glassfish 4.1] [INFO] [AS-WSMETROGLUE-10001] [javax.enterprise.webservices.metroglue] [tid: _ThreadID=53 _ThreadName=admin-listener(5)] [timeMillis: 1447210965411] [levelValue: 800] [[
  Loading WS-TX Services. Please wait.]]

[2015-11-11T10:02:45.631+0700] [glassfish 4.1] [INFO] [] [javax.enterprise.system.tools.deployment.common] [tid: _ThreadID=53 _ThreadName=admin-listener(5)] [timeMillis: 1447210965631] [levelValue: 800] [[
  visiting unvisited references]]

[2015-11-11T10:02:46.755+0700] [glassfish 4.1] [INFO] [AS-WSJSR109IMPL-00018] [javax.enterprise.webservices] [tid: _ThreadID=53 _ThreadName=admin-listener(5)] [timeMillis: 1447210966755] [levelValue: 800] [[
  Webservice Endpoint deployed RegistrationPortTypeImpl
 listening at address at http://Asus-PC:26326/__wstx-services/RegistrationPortTypeRPC.]]

[2015-11-11T10:02:46.755+0700] [glassfish 4.1] [INFO] [AS-WSJSR109IMPL-00018] [javax.enterprise.webservices] [tid: _ThreadID=53 _ThreadName=admin-listener(5)] [timeMillis: 1447210966755] [levelValue: 800] [[
  Webservice Endpoint deployed ParticipantPortTypePortImpl
 listening at address at http://Asus-PC:26326/__wstx-services/ParticipantPortType11.]]

[2015-11-11T10:02:46.755+0700] [glassfish 4.1] [INFO] [AS-WSJSR109IMPL-00018] [javax.enterprise.webservices] [tid: _ThreadID=53 _ThreadName=admin-listener(5)] [timeMillis: 1447210966755] [levelValue: 800] [[
  Webservice Endpoint deployed CoordinatorPortTypePortImpl
 listening at address at http://Asus-PC:26326/__wstx-services/CoordinatorPortType11.]]

[2015-11-11T10:02:46.771+0700] [glassfish 4.1] [INFO] [AS-WSJSR109IMPL-00018] [javax.enterprise.webservices] [tid: _ThreadID=53 _ThreadName=admin-listener(5)] [timeMillis: 1447210966771] [levelValue: 800] [[
  Webservice Endpoint deployed RegistrationPortTypeRPCPortImpl
 listening at address at http://Asus-PC:26326/__wstx-services/RegistrationPortTypeRPC11.]]

[2015-11-11T10:02:46.771+0700] [glassfish 4.1] [INFO] [AS-WSJSR109IMPL-00018] [javax.enterprise.webservices] [tid: _ThreadID=53 _ThreadName=admin-listener(5)] [timeMillis: 1447210966771] [levelValue: 800] [[
  Webservice Endpoint deployed RegistrationRequesterPortTypePortImpl
 listening at address at http://Asus-PC:26326/__wstx-services/RegistrationRequesterPortType11.]]

[2015-11-11T10:02:46.771+0700] [glassfish 4.1] [INFO] [AS-WSJSR109IMPL-00018] [javax.enterprise.webservices] [tid: _ThreadID=53 _ThreadName=admin-listener(5)] [timeMillis: 1447210966771] [levelValue: 800] [[
  Webservice Endpoint deployed ParticipantPortTypeImpl
 listening at address at http://Asus-PC:26326/__wstx-services/ParticipantPortType.]]

[2015-11-11T10:02:46.771+0700] [glassfish 4.1] [INFO] [AS-WSJSR109IMPL-00018] [javax.enterprise.webservices] [tid: _ThreadID=53 _ThreadName=admin-listener(5)] [timeMillis: 1447210966771] [levelValue: 800] [[
  Webservice Endpoint deployed RegistrationRequesterPortTypeImpl
 listening at address at http://Asus-PC:26326/__wstx-services/RegistrationRequesterPortType.]]

[2015-11-11T10:02:46.771+0700] [glassfish 4.1] [INFO] [AS-WSJSR109IMPL-00018] [javax.enterprise.webservices] [tid: _ThreadID=53 _ThreadName=admin-listener(5)] [timeMillis: 1447210966771] [levelValue: 800] [[
  Webservice Endpoint deployed CoordinatorPortTypeImpl
 listening at address at http://Asus-PC:26326/__wstx-services/CoordinatorPortType.]]

[2015-11-11T10:02:55.133+0700] [glassfish 4.1] [INFO] [AS-WEB-GLUE-00172] [javax.enterprise.web] [tid: _ThreadID=53 _ThreadName=admin-listener(5)] [timeMillis: 1447210975133] [levelValue: 800] [[
  Loading application [wstx-services] at [/__wstx-services]]]

[2015-11-11T10:02:55.149+0700] [glassfish 4.1] [INFO] [AS-WSMETROGLUE-10002] [javax.enterprise.webservices.metroglue] [tid: _ThreadID=53 _ThreadName=admin-listener(5)] [timeMillis: 1447210975149] [levelValue: 800] [[
  WS-TX Services successfully started.]]

[2015-11-11T10:02:57.039+0700] [glassfish 4.1] [INFO] [AS-WEB-GLUE-00172] [javax.enterprise.web] [tid: _ThreadID=53 _ThreadName=admin-listener(5)] [timeMillis: 1447210977039] [levelValue: 800] [[
  Loading application [StackExchange_WS] at [/StackExchange_WS]]]

[2015-11-11T10:02:57.164+0700] [glassfish 4.1] [INFO] [] [javax.enterprise.system.core] [tid: _ThreadID=53 _ThreadName=admin-listener(5)] [timeMillis: 1447210977164] [levelValue: 800] [[
  StackExchange_WS was successfully deployed in 17,595 milliseconds.]]

[2015-11-11T10:03:26.397+0700] [glassfish 4.1] [INFO] [] [javax.enterprise.system.tools.deployment.common] [tid: _ThreadID=115 _ThreadName=Thread-25] [timeMillis: 1447211006397] [levelValue: 800] [[
  visiting unvisited references]]

[2015-11-11T10:03:27.191+0700] [glassfish 4.1] [INFO] [] [javax.enterprise.system.tools.deployment.common] [tid: _ThreadID=115 _ThreadName=Thread-25] [timeMillis: 1447211007191] [levelValue: 800] [[
  visiting unvisited references]]

[2015-11-11T10:03:27.380+0700] [glassfish 4.1] [INFO] [] [javax.enterprise.system.tools.deployment.common] [tid: _ThreadID=115 _ThreadName=Thread-25] [timeMillis: 1447211007380] [levelValue: 800] [[
  visiting unvisited references]]

[2015-11-11T10:03:27.386+0700] [glassfish 4.1] [INFO] [] [javax.enterprise.system.tools.deployment.common] [tid: _ThreadID=115 _ThreadName=Thread-25] [timeMillis: 1447211007386] [levelValue: 800] [[
  visiting unvisited references]]

[2015-11-11T10:03:29.454+0700] [glassfish 4.1] [INFO] [] [org.glassfish.jersey.server.ApplicationHandler] [tid: _ThreadID=53 _ThreadName=admin-listener(5)] [timeMillis: 1447211009454] [levelValue: 800] [[
  Initiating Jersey application, version Jersey: 2.10.4 2014-08-08 15:09:00...]]

[2015-11-11T10:03:31.518+0700] [glassfish 4.1] [INFO] [NCLS-REST-00001] [javax.enterprise.admin.rest] [tid: _ThreadID=53 _ThreadName=admin-listener(5)] [timeMillis: 1447211011518] [levelValue: 800] [[
  Listening to REST requests at context: /management/domain.]]

[2015-11-11T10:03:35.192+0700] [glassfish 4.1] [INFO] [jsf.config.listener.version] [javax.enterprise.resource.webcontainer.jsf.config] [tid: _ThreadID=115 _ThreadName=Thread-25] [timeMillis: 1447211015192] [levelValue: 800] [[
  Initializing Mojarra 2.2.7 ( 20140610-1547 https://svn.java.net/svn/mojarra~svn/tags/2.2.7@13362) for context '']]

[2015-11-11T10:03:41.843+0700] [glassfish 4.1] [INFO] [AS-WEB-GLUE-00172] [javax.enterprise.web] [tid: _ThreadID=115 _ThreadName=Thread-25] [timeMillis: 1447211021843] [levelValue: 800] [[
  Loading application [__admingui] at [/]]]

[2015-11-11T10:03:41.846+0700] [glassfish 4.1] [INFO] [NCLS-CORE-00022] [javax.enterprise.system.core] [tid: _ThreadID=115 _ThreadName=Thread-25] [timeMillis: 1447211021846] [levelValue: 800] [[
  Loading application __admingui done in 17,077 ms]]

[2015-11-11T10:03:42.255+0700] [glassfish 4.1] [WARNING] [] [javax.enterprise.system.container.web.com.sun.web.security] [tid: _ThreadID=52 _ThreadName=admin-listener(4)] [timeMillis: 1447211022255] [levelValue: 900] [[
  Context path from ServletContext:  differs from path from bundle: /]]

[2015-11-11T10:03:52.599+0700] [glassfish 4.1] [INFO] [] [org.glassfish.admingui] [tid: _ThreadID=51 _ThreadName=admin-listener(3)] [timeMillis: 1447211032599] [levelValue: 800] [[
  Redirecting to /index.jsf]]

[2015-11-11T10:03:53.580+0700] [glassfish 4.1] [INFO] [] [org.glassfish.admingui] [tid: _ThreadID=49 _ThreadName=admin-listener(1)] [timeMillis: 1447211033580] [levelValue: 800] [[
  Admin Console: Initializing Session Attributes...]]

[2015-11-11T10:03:54.221+0700] [glassfish 4.1] [WARNING] [] [java.util.prefs] [tid: _ThreadID=49 _ThreadName=admin-listener(1)] [timeMillis: 1447211034221] [levelValue: 900] [[
  Could not open/create prefs root node Software\JavaSoft\Prefs at root 0x80000002. Windows RegCreateKeyEx(...) returned error code 5.]]

[2015-11-11T10:06:02.184+0700] [glassfish 4.1] [INFO] [] [org.glassfish.admingui] [tid: _ThreadID=130 _ThreadName=admin-listener(7)] [timeMillis: 1447211162184] [levelValue: 800] [[
  Redirecting to /common/index.jsf]]

[2015-11-11T10:06:02.230+0700] [glassfish 4.1] [INFO] [] [org.glassfish.admingui] [tid: _ThreadID=52 _ThreadName=admin-listener(4)] [timeMillis: 1447211162230] [levelValue: 800] [[
  Admin Console: Initializing Session Attributes...]]

[2015-11-11T10:16:07.406+0700] [glassfish 4.1] [INFO] [NCLS-LOGGING-00009] [javax.enterprise.logging] [tid: _ThreadID=15 _ThreadName=RunLevelControllerThread-1447211767109] [timeMillis: 1447211767406] [levelValue: 800] [[
  Running GlassFish Version: GlassFish Server Open Source Edition  4.1  (build 13)]]

[2015-11-11T10:16:07.406+0700] [glassfish 4.1] [INFO] [NCLS-LOGGING-00010] [javax.enterprise.logging] [tid: _ThreadID=15 _ThreadName=RunLevelControllerThread-1447211767109] [timeMillis: 1447211767406] [levelValue: 800] [[
  Server log file is using Formatter class: com.sun.enterprise.server.logging.ODLLogFormatter]]

[2015-11-11T10:16:07.698+0700] [glassfish 4.1] [INFO] [NCLS-SECURITY-01115] [javax.enterprise.system.core.security] [tid: _ThreadID=16 _ThreadName=RunLevelControllerThread-1447211767140] [timeMillis: 1447211767698] [levelValue: 800] [[
  Realm [admin-realm] of classtype [com.sun.enterprise.security.auth.realm.file.FileRealm] successfully created.]]

[2015-11-11T10:16:07.713+0700] [glassfish 4.1] [INFO] [NCLS-SECURITY-01115] [javax.enterprise.system.core.security] [tid: _ThreadID=16 _ThreadName=RunLevelControllerThread-1447211767140] [timeMillis: 1447211767713] [levelValue: 800] [[
  Realm [file] of classtype [com.sun.enterprise.security.auth.realm.file.FileRealm] successfully created.]]

[2015-11-11T10:16:07.729+0700] [glassfish 4.1] [INFO] [NCLS-SECURITY-01115] [javax.enterprise.system.core.security] [tid: _ThreadID=16 _ThreadName=RunLevelControllerThread-1447211767140] [timeMillis: 1447211767729] [levelValue: 800] [[
  Realm [certificate] of classtype [com.sun.enterprise.security.auth.realm.certificate.CertificateRealm] successfully created.]]

[2015-11-11T10:16:08.231+0700] [glassfish 4.1] [INFO] [SEC-SVCS-00100] [javax.enterprise.security.services] [tid: _ThreadID=14 _ThreadName=RunLevelControllerThread-1447211767109] [timeMillis: 1447211768231] [levelValue: 800] [[
  Authorization Service has successfully initialized.]]

[2015-11-11T10:16:08.341+0700] [glassfish 4.1] [INFO] [] [org.glassfish.ha.store.spi.BackingStoreFactoryRegistry] [tid: _ThreadID=14 _ThreadName=RunLevelControllerThread-1447211767109] [timeMillis: 1447211768341] [levelValue: 800] [[
  Registered org.glassfish.ha.store.adapter.cache.ShoalBackingStoreProxy for persistence-type = replicated in BackingStoreFactoryRegistry]]

[2015-11-11T10:16:09.013+0700] [glassfish 4.1] [INFO] [NCLS-CORE-00087] [javax.enterprise.system.core] [tid: _ThreadID=16 _ThreadName=RunLevelControllerThread-1447211767140] [timeMillis: 1447211769013] [levelValue: 800] [[
  Grizzly Framework 2.3.15 started in: 203ms - bound to [/0.0.0.0:8081]]]

[2015-11-11T10:16:09.077+0700] [glassfish 4.1] [INFO] [NCLS-CORE-00087] [javax.enterprise.system.core] [tid: _ThreadID=16 _ThreadName=RunLevelControllerThread-1447211767140] [timeMillis: 1447211769077] [levelValue: 800] [[
  Grizzly Framework 2.3.15 started in: 16ms - bound to [/0.0.0.0:8182]]]

[2015-11-11T10:16:09.109+0700] [glassfish 4.1] [INFO] [NCLS-CORE-00087] [javax.enterprise.system.core] [tid: _ThreadID=16 _ThreadName=RunLevelControllerThread-1447211767140] [timeMillis: 1447211769109] [levelValue: 800] [[
  Grizzly Framework 2.3.15 started in: 0ms - bound to [/0.0.0.0:4849]]]

[2015-11-11T10:16:09.188+0700] [glassfish 4.1] [INFO] [] [javax.enterprise.system.tools.deployment.common] [tid: _ThreadID=15 _ThreadName=RunLevelControllerThread-1447211767109] [timeMillis: 1447211769188] [levelValue: 800] [[
  visiting unvisited references]]

[2015-11-11T10:16:10.546+0700] [glassfish 4.1] [INFO] [AS-WSMETROGLUE-10010] [javax.enterprise.webservices.metroglue] [tid: _ThreadID=15 _ThreadName=RunLevelControllerThread-1447211767109] [timeMillis: 1447211770546] [levelValue: 800] [[
  Web service endpoint deployment events listener registered successfully.]]

[2015-11-11T10:16:11.311+0700] [glassfish 4.1] [INFO] [NCLS-SECURITY-01002] [javax.enterprise.system.core.security] [tid: _ThreadID=15 _ThreadName=RunLevelControllerThread-1447211767109] [timeMillis: 1447211771311] [levelValue: 800] [[
  Java security manager is disabled.]]

[2015-11-11T10:16:11.311+0700] [glassfish 4.1] [INFO] [NCLS-SECURITY-01010] [javax.enterprise.system.core.security] [tid: _ThreadID=15 _ThreadName=RunLevelControllerThread-1447211767109] [timeMillis: 1447211771311] [levelValue: 800] [[
  Entering Security Startup Service.]]

[2015-11-11T10:16:11.311+0700] [glassfish 4.1] [INFO] [NCLS-SECURITY-01143] [javax.enterprise.system.core.security] [tid: _ThreadID=15 _ThreadName=RunLevelControllerThread-1447211767109] [timeMillis: 1447211771311] [levelValue: 800] [[
  Loading policy provider com.sun.enterprise.security.provider.PolicyWrapper.]]

[2015-11-11T10:16:11.532+0700] [glassfish 4.1] [INFO] [NCLS-SECURITY-01011] [javax.enterprise.system.core.security] [tid: _ThreadID=15 _ThreadName=RunLevelControllerThread-1447211767109] [timeMillis: 1447211771532] [levelValue: 800] [[
  Security Service(s) started successfully.]]

[2015-11-11T10:16:12.594+0700] [glassfish 4.1] [INFO] [AS-WEB-GLUE-00198] [javax.enterprise.web] [tid: _ThreadID=15 _ThreadName=RunLevelControllerThread-1447211767109] [timeMillis: 1447211772594] [levelValue: 800] [[
  Created HTTP listener http-listener-1 on host/port 0.0.0.0:8081]]

[2015-11-11T10:16:12.609+0700] [glassfish 4.1] [INFO] [AS-WEB-GLUE-00198] [javax.enterprise.web] [tid: _ThreadID=15 _ThreadName=RunLevelControllerThread-1447211767109] [timeMillis: 1447211772609] [levelValue: 800] [[
  Created HTTP listener http-listener-2 on host/port 0.0.0.0:8182]]

[2015-11-11T10:16:12.625+0700] [glassfish 4.1] [INFO] [AS-WEB-GLUE-00198] [javax.enterprise.web] [tid: _ThreadID=15 _ThreadName=RunLevelControllerThread-1447211767109] [timeMillis: 1447211772625] [levelValue: 800] [[
  Created HTTP listener admin-listener on host/port 0.0.0.0:4849]]

[2015-11-11T10:16:12.678+0700] [glassfish 4.1] [INFO] [AS-WEB-GLUE-00200] [javax.enterprise.web] [tid: _ThreadID=15 _ThreadName=RunLevelControllerThread-1447211767109] [timeMillis: 1447211772678] [levelValue: 800] [[
  Created virtual server server]]

[2015-11-11T10:16:12.693+0700] [glassfish 4.1] [INFO] [AS-WEB-GLUE-00200] [javax.enterprise.web] [tid: _ThreadID=15 _ThreadName=RunLevelControllerThread-1447211767109] [timeMillis: 1447211772693] [levelValue: 800] [[
  Created virtual server __asadmin]]

[2015-11-11T10:16:13.463+0700] [glassfish 4.1] [INFO] [AS-WEB-CORE-00306] [javax.enterprise.web.core] [tid: _ThreadID=15 _ThreadName=RunLevelControllerThread-1447211767109] [timeMillis: 1447211773463] [levelValue: 800] [[
  Setting JAAS app name glassfish-web]]

[2015-11-11T10:16:13.463+0700] [glassfish 4.1] [INFO] [AS-WEB-GLUE-00201] [javax.enterprise.web] [tid: _ThreadID=15 _ThreadName=RunLevelControllerThread-1447211767109] [timeMillis: 1447211773463] [levelValue: 800] [[
  Virtual server server loaded default web module ]]

[2015-11-11T10:16:15.337+0700] [glassfish 4.1] [INFO] [] [javax.enterprise.system.tools.deployment.common] [tid: _ThreadID=15 _ThreadName=RunLevelControllerThread-1447211767109] [timeMillis: 1447211775337] [levelValue: 800] [[
  visiting unvisited references]]

[2015-11-11T10:16:15.712+0700] [glassfish 4.1] [INFO] [] [javax.enterprise.system.tools.deployment.common] [tid: _ThreadID=15 _ThreadName=RunLevelControllerThread-1447211767109] [timeMillis: 1447211775712] [levelValue: 800] [[
  visiting unvisited references]]

[2015-11-11T10:16:16.119+0700] [glassfish 4.1] [INFO] [AS-WSJSR109IMPL-00018] [javax.enterprise.webservices] [tid: _ThreadID=15 _ThreadName=RunLevelControllerThread-1447211767109] [timeMillis: 1447211776119] [levelValue: 800] [[
  Webservice Endpoint deployed QuestionWS
 listening at address at http://Asus-PC:8081/StackExchange_WS/QuestionWS.]]

[2015-11-11T10:16:16.119+0700] [glassfish 4.1] [INFO] [AS-WSJSR109IMPL-00018] [javax.enterprise.webservices] [tid: _ThreadID=15 _ThreadName=RunLevelControllerThread-1447211767109] [timeMillis: 1447211776119] [levelValue: 800] [[
  Webservice Endpoint deployed AnswerWS
 listening at address at http://Asus-PC:8081/StackExchange_WS/AnswerWS.]]

[2015-11-11T10:16:16.134+0700] [glassfish 4.1] [INFO] [AS-WSJSR109IMPL-00018] [javax.enterprise.webservices] [tid: _ThreadID=15 _ThreadName=RunLevelControllerThread-1447211767109] [timeMillis: 1447211776134] [levelValue: 800] [[
  Webservice Endpoint deployed StackExchangeWS
 listening at address at http://Asus-PC:8081/StackExchange_WS/StackExchangeWS.]]

[2015-11-11T10:16:16.134+0700] [glassfish 4.1] [INFO] [AS-WSJSR109IMPL-00018] [javax.enterprise.webservices] [tid: _ThreadID=15 _ThreadName=RunLevelControllerThread-1447211767109] [timeMillis: 1447211776134] [levelValue: 800] [[
  Webservice Endpoint deployed UserWS
 listening at address at http://Asus-PC:8081/StackExchange_WS/UserWS.]]

[2015-11-11T10:16:16.134+0700] [glassfish 4.1] [INFO] [AS-WSMETROGLUE-10001] [javax.enterprise.webservices.metroglue] [tid: _ThreadID=15 _ThreadName=RunLevelControllerThread-1447211767109] [timeMillis: 1447211776134] [levelValue: 800] [[
  Loading WS-TX Services. Please wait.]]

[2015-11-11T10:16:16.510+0700] [glassfish 4.1] [INFO] [] [javax.enterprise.system.tools.deployment.common] [tid: _ThreadID=15 _ThreadName=RunLevelControllerThread-1447211767109] [timeMillis: 1447211776510] [levelValue: 800] [[
  visiting unvisited references]]

[2015-11-11T10:16:17.650+0700] [glassfish 4.1] [INFO] [AS-WSJSR109IMPL-00018] [javax.enterprise.webservices] [tid: _ThreadID=15 _ThreadName=RunLevelControllerThread-1447211767109] [timeMillis: 1447211777650] [levelValue: 800] [[
  Webservice Endpoint deployed CoordinatorPortTypePortImpl
 listening at address at http://Asus-PC:8081/__wstx-services/CoordinatorPortType11.]]

[2015-11-11T10:16:17.665+0700] [glassfish 4.1] [INFO] [AS-WSJSR109IMPL-00018] [javax.enterprise.webservices] [tid: _ThreadID=15 _ThreadName=RunLevelControllerThread-1447211767109] [timeMillis: 1447211777665] [levelValue: 800] [[
  Webservice Endpoint deployed RegistrationRequesterPortTypePortImpl
 listening at address at http://Asus-PC:8081/__wstx-services/RegistrationRequesterPortType11.]]

[2015-11-11T10:16:17.665+0700] [glassfish 4.1] [INFO] [AS-WSJSR109IMPL-00018] [javax.enterprise.webservices] [tid: _ThreadID=15 _ThreadName=RunLevelControllerThread-1447211767109] [timeMillis: 1447211777665] [levelValue: 800] [[
  Webservice Endpoint deployed ParticipantPortTypePortImpl
 listening at address at http://Asus-PC:8081/__wstx-services/ParticipantPortType11.]]

[2015-11-11T10:16:17.665+0700] [glassfish 4.1] [INFO] [AS-WSJSR109IMPL-00018] [javax.enterprise.webservices] [tid: _ThreadID=15 _ThreadName=RunLevelControllerThread-1447211767109] [timeMillis: 1447211777665] [levelValue: 800] [[
  Webservice Endpoint deployed RegistrationPortTypeImpl
 listening at address at http://Asus-PC:8081/__wstx-services/RegistrationPortTypeRPC.]]

[2015-11-11T10:16:17.665+0700] [glassfish 4.1] [INFO] [AS-WSJSR109IMPL-00018] [javax.enterprise.webservices] [tid: _ThreadID=15 _ThreadName=RunLevelControllerThread-1447211767109] [timeMillis: 1447211777665] [levelValue: 800] [[
  Webservice Endpoint deployed RegistrationRequesterPortTypeImpl
 listening at address at http://Asus-PC:8081/__wstx-services/RegistrationRequesterPortType.]]

[2015-11-11T10:16:17.665+0700] [glassfish 4.1] [INFO] [AS-WSJSR109IMPL-00018] [javax.enterprise.webservices] [tid: _ThreadID=15 _ThreadName=RunLevelControllerThread-1447211767109] [timeMillis: 1447211777665] [levelValue: 800] [[
  Webservice Endpoint deployed CoordinatorPortTypeImpl
 listening at address at http://Asus-PC:8081/__wstx-services/CoordinatorPortType.]]

[2015-11-11T10:16:17.682+0700] [glassfish 4.1] [INFO] [AS-WSJSR109IMPL-00018] [javax.enterprise.webservices] [tid: _ThreadID=15 _ThreadName=RunLevelControllerThread-1447211767109] [timeMillis: 1447211777682] [levelValue: 800] [[
  Webservice Endpoint deployed RegistrationPortTypeRPCPortImpl
 listening at address at http://Asus-PC:8081/__wstx-services/RegistrationPortTypeRPC11.]]

[2015-11-11T10:16:17.685+0700] [glassfish 4.1] [INFO] [AS-WSJSR109IMPL-00018] [javax.enterprise.webservices] [tid: _ThreadID=15 _ThreadName=RunLevelControllerThread-1447211767109] [timeMillis: 1447211777685] [levelValue: 800] [[
  Webservice Endpoint deployed ParticipantPortTypeImpl
 listening at address at http://Asus-PC:8081/__wstx-services/ParticipantPortType.]]

[2015-11-11T10:16:26.852+0700] [glassfish 4.1] [INFO] [AS-WEB-GLUE-00172] [javax.enterprise.web] [tid: _ThreadID=15 _ThreadName=RunLevelControllerThread-1447211767109] [timeMillis: 1447211786852] [levelValue: 800] [[
  Loading application [wstx-services] at [/__wstx-services]]]

[2015-11-11T10:16:26.852+0700] [glassfish 4.1] [INFO] [AS-WSMETROGLUE-10002] [javax.enterprise.webservices.metroglue] [tid: _ThreadID=15 _ThreadName=RunLevelControllerThread-1447211767109] [timeMillis: 1447211786852] [levelValue: 800] [[
  WS-TX Services successfully started.]]

[2015-11-11T10:16:28.561+0700] [glassfish 4.1] [INFO] [AS-WEB-GLUE-00172] [javax.enterprise.web] [tid: _ThreadID=15 _ThreadName=RunLevelControllerThread-1447211767109] [timeMillis: 1447211788561] [levelValue: 800] [[
  Loading application [StackExchange_WS] at [/StackExchange_WS]]]

[2015-11-11T10:16:28.576+0700] [glassfish 4.1] [INFO] [NCLS-CORE-00022] [javax.enterprise.system.core] [tid: _ThreadID=15 _ThreadName=RunLevelControllerThread-1447211767109] [timeMillis: 1447211788576] [levelValue: 800] [[
  Loading application StackExchange_WS done in 20,219 ms]]

[2015-11-11T10:16:28.576+0700] [glassfish 4.1] [INFO] [NCLS-CORE-00017] [javax.enterprise.system.core] [tid: _ThreadID=1 _ThreadName=main] [timeMillis: 1447211788576] [levelValue: 800] [[
  GlassFish Server Open Source Edition  4.1  (13) startup time : Felix (6,239ms), startup services(21,483ms), total(27,722ms)]]

[2015-11-11T10:16:29.038+0700] [glassfish 4.1] [INFO] [] [org.hibernate.validator.internal.util.Version] [tid: _ThreadID=40 _ThreadName=admin-listener(1)] [timeMillis: 1447211789038] [levelValue: 800] [[
  HV000001: Hibernate Validator 5.0.0.Final]]

[2015-11-11T10:16:29.053+0700] [glassfish 4.1] [WARNING] [NCLS-JMX-00007] [javax.enterprise.system.jmx] [tid: _ThreadID=59 _ThreadName=Thread-15] [timeMillis: 1447211789053] [levelValue: 900] [[
  Cannot start JMX connector JmxConnector config: { name = system, Protocol = rmi_jrmp, Address = 0.0.0.0, Port = 26332, AcceptAll = false, AuthRealmName = admin-realm, SecurityEnabled = false} due to exception java.lang.RuntimeException: Port 26332 is not available for the internal rmi registry. This means that a call was made with the same port, without closing earlier registry instance. This has to do with the system jmx connector configuration in admin-service element of the configuration associated with this instance]]

[2015-11-11T10:16:29.053+0700] [glassfish 4.1] [SEVERE] [] [] [tid: _ThreadID=59 _ThreadName=Thread-9] [timeMillis: 1447211789053] [levelValue: 1000] [[
  java.lang.RuntimeException: Port 26332 is not available for the internal rmi registry. This means that a call was made with the same port, without closing earlier registry instance. This has to do with the system jmx connector configuration in admin-service element of the configuration associated with this instance
	at org.glassfish.admin.mbeanserver.RMIConnectorStarter._startRegistry(RMIConnectorStarter.java:257)
	at org.glassfish.admin.mbeanserver.RMIConnectorStarter.startRegistry(RMIConnectorStarter.java:235)
	at org.glassfish.admin.mbeanserver.RMIConnectorStarter.<init>(RMIConnectorStarter.java:169)
	at org.glassfish.admin.mbeanserver.JMXStartupService$JMXConnectorsStarterThread.startConnector(JMXStartupService.java:310)
	at org.glassfish.admin.mbeanserver.JMXStartupService$JMXConnectorsStarterThread.run(JMXStartupService.java:350)]]

[2015-11-11T10:16:30.240+0700] [glassfish 4.1] [INFO] [AS-WEB-GLUE-00198] [javax.enterprise.web] [tid: _ThreadID=69 _ThreadName=pool-16-thread-1] [timeMillis: 1447211790240] [levelValue: 800] [[
  Created HTTP listener http-listener-2 on host/port 0.0.0.0:8182]]

[2015-11-11T10:16:30.318+0700] [glassfish 4.1] [INFO] [NCLS-CORE-00087] [javax.enterprise.system.core] [tid: _ThreadID=69 _ThreadName=pool-16-thread-1] [timeMillis: 1447211790318] [levelValue: 800] [[
  Grizzly Framework 2.3.15 started in: 16ms - bound to [/0.0.0.0:8182]]]

[2015-11-11T10:16:30.522+0700] [glassfish 4.1] [INFO] [AS-WEB-GLUE-00198] [javax.enterprise.web] [tid: _ThreadID=69 _ThreadName=pool-16-thread-1] [timeMillis: 1447211790522] [levelValue: 800] [[
  Created HTTP listener http-listener-1 on host/port 0.0.0.0:8081]]

[2015-11-11T10:16:30.553+0700] [glassfish 4.1] [INFO] [NCLS-CORE-00087] [javax.enterprise.system.core] [tid: _ThreadID=69 _ThreadName=pool-16-thread-1] [timeMillis: 1447211790553] [levelValue: 800] [[
  Grizzly Framework 2.3.15 started in: 0ms - bound to [/0.0.0.0:8081]]]

[2015-11-11T10:16:32.904+0700] [glassfish 4.1] [INFO] [] [javax.enterprise.system.tools.deployment.common] [tid: _ThreadID=43 _ThreadName=admin-listener(4)] [timeMillis: 1447211792904] [levelValue: 800] [[
  visiting unvisited references]]

[2015-11-11T10:16:33.186+0700] [glassfish 4.1] [INFO] [] [javax.enterprise.system.tools.deployment.common] [tid: _ThreadID=43 _ThreadName=admin-listener(4)] [timeMillis: 1447211793186] [levelValue: 800] [[
  visiting unvisited references]]

[2015-11-11T10:16:33.343+0700] [glassfish 4.1] [INFO] [] [javax.enterprise.system.tools.deployment.common] [tid: _ThreadID=43 _ThreadName=admin-listener(4)] [timeMillis: 1447211793343] [levelValue: 800] [[
  visiting unvisited references]]

[2015-11-11T10:16:33.734+0700] [glassfish 4.1] [INFO] [AS-WSJSR109IMPL-00018] [javax.enterprise.webservices] [tid: _ThreadID=43 _ThreadName=admin-listener(4)] [timeMillis: 1447211793734] [levelValue: 800] [[
  Webservice Endpoint deployed QuestionWS
 listening at address at http://Asus-PC:8081/StackExchange_WS/QuestionWS.]]

[2015-11-11T10:16:33.734+0700] [glassfish 4.1] [INFO] [AS-WSJSR109IMPL-00018] [javax.enterprise.webservices] [tid: _ThreadID=43 _ThreadName=admin-listener(4)] [timeMillis: 1447211793734] [levelValue: 800] [[
  Webservice Endpoint deployed UserWS
 listening at address at http://Asus-PC:8081/StackExchange_WS/UserWS.]]

[2015-11-11T10:16:33.734+0700] [glassfish 4.1] [INFO] [AS-WSJSR109IMPL-00018] [javax.enterprise.webservices] [tid: _ThreadID=43 _ThreadName=admin-listener(4)] [timeMillis: 1447211793734] [levelValue: 800] [[
  Webservice Endpoint deployed StackExchangeWS
 listening at address at http://Asus-PC:8081/StackExchange_WS/StackExchangeWS.]]

[2015-11-11T10:16:33.734+0700] [glassfish 4.1] [INFO] [AS-WSJSR109IMPL-00018] [javax.enterprise.webservices] [tid: _ThreadID=43 _ThreadName=admin-listener(4)] [timeMillis: 1447211793734] [levelValue: 800] [[
  Webservice Endpoint deployed AnswerWS
 listening at address at http://Asus-PC:8081/StackExchange_WS/AnswerWS.]]

[2015-11-11T10:16:33.923+0700] [glassfish 4.1] [INFO] [] [org.glassfish.jersey.server.ApplicationHandler] [tid: _ThreadID=41 _ThreadName=admin-listener(2)] [timeMillis: 1447211793923] [levelValue: 800] [[
  Initiating Jersey application, version Jersey: 2.10.4 2014-08-08 15:09:00...]]

[2015-11-11T10:16:35.609+0700] [glassfish 4.1] [INFO] [NCLS-REST-00001] [javax.enterprise.admin.rest] [tid: _ThreadID=41 _ThreadName=admin-listener(2)] [timeMillis: 1447211795609] [levelValue: 800] [[
  Listening to REST requests at context: /management/domain.]]

[2015-11-11T10:16:35.737+0700] [glassfish 4.1] [INFO] [AS-WEB-GLUE-00172] [javax.enterprise.web] [tid: _ThreadID=43 _ThreadName=admin-listener(4)] [timeMillis: 1447211795737] [levelValue: 800] [[
  Loading application [StackExchange_WS] at [/StackExchange_WS]]]

[2015-11-11T10:16:35.863+0700] [glassfish 4.1] [INFO] [] [javax.enterprise.system.core] [tid: _ThreadID=43 _ThreadName=admin-listener(4)] [timeMillis: 1447211795863] [levelValue: 800] [[
  StackExchange_WS was successfully deployed in 3,083 milliseconds.]]

[2015-11-11T10:16:35.926+0700] [glassfish 4.1] [INFO] [NCLS-BOOTSTRAP-00027] [javax.enterprise.bootstrap] [tid: _ThreadID=1 _ThreadName=main] [timeMillis: 1447211795926] [levelValue: 800] [[
  Registered com.sun.enterprise.glassfish.bootstrap.osgi.EmbeddedOSGiGlassFishImpl@169d513 as OSGi service registration: org.apache.felix.framework.ServiceRegistrationImpl@1aa341b.]]

[2015-11-11T10:16:36.811+0700] [glassfish 4.1] [INFO] [] [javax.enterprise.system.tools.deployment.common] [tid: _ThreadID=103 _ThreadName=Thread-26] [timeMillis: 1447211796811] [levelValue: 800] [[
  visiting unvisited references]]

[2015-11-11T10:16:37.373+0700] [glassfish 4.1] [INFO] [] [javax.enterprise.system.tools.deployment.common] [tid: _ThreadID=103 _ThreadName=Thread-26] [timeMillis: 1447211797373] [levelValue: 800] [[
  visiting unvisited references]]

[2015-11-11T10:16:37.452+0700] [glassfish 4.1] [INFO] [] [javax.enterprise.system.tools.deployment.common] [tid: _ThreadID=103 _ThreadName=Thread-26] [timeMillis: 1447211797452] [levelValue: 800] [[
  visiting unvisited references]]

[2015-11-11T10:16:37.452+0700] [glassfish 4.1] [INFO] [] [javax.enterprise.system.tools.deployment.common] [tid: _ThreadID=103 _ThreadName=Thread-26] [timeMillis: 1447211797452] [levelValue: 800] [[
  visiting unvisited references]]

[2015-11-11T10:16:43.678+0700] [glassfish 4.1] [INFO] [jsf.config.listener.version] [javax.enterprise.resource.webcontainer.jsf.config] [tid: _ThreadID=103 _ThreadName=Thread-26] [timeMillis: 1447211803678] [levelValue: 800] [[
  Initializing Mojarra 2.2.7 ( 20140610-1547 https://svn.java.net/svn/mojarra~svn/tags/2.2.7@13362) for context '']]

[2015-11-11T10:16:50.557+0700] [glassfish 4.1] [INFO] [AS-WEB-GLUE-00172] [javax.enterprise.web] [tid: _ThreadID=103 _ThreadName=Thread-26] [timeMillis: 1447211810557] [levelValue: 800] [[
  Loading application [__admingui] at [/]]]

[2015-11-11T10:16:50.557+0700] [glassfish 4.1] [INFO] [NCLS-CORE-00022] [javax.enterprise.system.core] [tid: _ThreadID=103 _ThreadName=Thread-26] [timeMillis: 1447211810557] [levelValue: 800] [[
  Loading application __admingui done in 14,631 ms]]

