[2015-11-12T15:27:28.662+0700] [glassfish 4.1] [INFO] [NCLS-LOGGING-00009] [javax.enterprise.logging] [tid: _ThreadID=17 _ThreadName=RunLevelControllerThread-1447316848539] [timeMillis: 1447316848662] [levelValue: 800] [[
  Running GlassFish Version: GlassFish Server Open Source Edition  4.1  (build 13)]]

[2015-11-12T15:27:28.666+0700] [glassfish 4.1] [INFO] [NCLS-LOGGING-00010] [javax.enterprise.logging] [tid: _ThreadID=17 _ThreadName=RunLevelControllerThread-1447316848539] [timeMillis: 1447316848666] [levelValue: 800] [[
  Server log file is using Formatter class: com.sun.enterprise.server.logging.ODLLogFormatter]]

[2015-11-12T15:27:29.042+0700] [glassfish 4.1] [INFO] [] [org.hibernate.validator.internal.util.Version] [tid: _ThreadID=19 _ThreadName=RunLevelControllerThread-1447316848548] [timeMillis: 1447316849042] [levelValue: 800] [[
  HV000001: Hibernate Validator 5.0.0.Final]]

[2015-11-12T15:27:29.090+0700] [glassfish 4.1] [INFO] [NCLS-SECURITY-01115] [javax.enterprise.system.core.security] [tid: _ThreadID=16 _ThreadName=RunLevelControllerThread-1447316848538] [timeMillis: 1447316849090] [levelValue: 800] [[
  Realm [admin-realm] of classtype [com.sun.enterprise.security.auth.realm.file.FileRealm] successfully created.]]

[2015-11-12T15:27:29.103+0700] [glassfish 4.1] [INFO] [NCLS-SECURITY-01115] [javax.enterprise.system.core.security] [tid: _ThreadID=16 _ThreadName=RunLevelControllerThread-1447316848538] [timeMillis: 1447316849103] [levelValue: 800] [[
  Realm [file] of classtype [com.sun.enterprise.security.auth.realm.file.FileRealm] successfully created.]]

[2015-11-12T15:27:29.131+0700] [glassfish 4.1] [INFO] [NCLS-SECURITY-01115] [javax.enterprise.system.core.security] [tid: _ThreadID=16 _ThreadName=RunLevelControllerThread-1447316848538] [timeMillis: 1447316849131] [levelValue: 800] [[
  Realm [certificate] of classtype [com.sun.enterprise.security.auth.realm.certificate.CertificateRealm] successfully created.]]

[2015-11-12T15:27:29.262+0700] [glassfish 4.1] [INFO] [] [org.glassfish.ha.store.spi.BackingStoreFactoryRegistry] [tid: _ThreadID=17 _ThreadName=RunLevelControllerThread-1447316848539] [timeMillis: 1447316849262] [levelValue: 800] [[
  Registered org.glassfish.ha.store.adapter.cache.ShoalBackingStoreProxy for persistence-type = replicated in BackingStoreFactoryRegistry]]

[2015-11-12T15:27:29.431+0700] [glassfish 4.1] [INFO] [SEC-SVCS-00100] [javax.enterprise.security.services] [tid: _ThreadID=16 _ThreadName=RunLevelControllerThread-1447316848538] [timeMillis: 1447316849431] [levelValue: 800] [[
  Authorization Service has successfully initialized.]]

[2015-11-12T15:27:29.517+0700] [glassfish 4.1] [INFO] [NCLS-CORE-00087] [javax.enterprise.system.core] [tid: _ThreadID=18 _ThreadName=RunLevelControllerThread-1447316848548] [timeMillis: 1447316849517] [levelValue: 800] [[
  Grizzly Framework 2.3.15 started in: 47ms - bound to [/0.0.0.0:45128]]]

[2015-11-12T15:27:29.563+0700] [glassfish 4.1] [INFO] [NCLS-CORE-00087] [javax.enterprise.system.core] [tid: _ThreadID=18 _ThreadName=RunLevelControllerThread-1447316848548] [timeMillis: 1447316849563] [levelValue: 800] [[
  Grizzly Framework 2.3.15 started in: 5ms - bound to [/0.0.0.0:45129]]]

[2015-11-12T15:27:29.583+0700] [glassfish 4.1] [INFO] [NCLS-CORE-00087] [javax.enterprise.system.core] [tid: _ThreadID=18 _ThreadName=RunLevelControllerThread-1447316848548] [timeMillis: 1447316849583] [levelValue: 800] [[
  Grizzly Framework 2.3.15 started in: 6ms - bound to [/0.0.0.0:45096]]]

[2015-11-12T15:27:29.707+0700] [glassfish 4.1] [INFO] [NCLS-CORE-00087] [javax.enterprise.system.core] [tid: _ThreadID=17 _ThreadName=RunLevelControllerThread-1447316848539] [timeMillis: 1447316849707] [levelValue: 800] [[
  Grizzly Framework 2.3.15 started in: 27ms - bound to [/0.0.0.0:45085]]]

[2015-11-12T15:27:29.867+0700] [glassfish 4.1] [INFO] [NCLS-CORE-00017] [javax.enterprise.system.core] [tid: _ThreadID=1 _ThreadName=main] [timeMillis: 1447316849867] [levelValue: 800] [[
  GlassFish Server Open Source Edition  4.1  (13) startup time : Felix (17,945ms), startup services(1,336ms), total(19,281ms)]]

[2015-11-12T15:27:30.576+0700] [glassfish 4.1] [INFO] [NCLS-CORE-00087] [javax.enterprise.system.core] [tid: _ThreadID=19 _ThreadName=RunLevelControllerThread-1447316848548] [timeMillis: 1447316850576] [levelValue: 800] [[
  Grizzly Framework 2.3.15 started in: 3ms - bound to [/0.0.0.0:52724]]]

[2015-11-12T15:27:30.579+0700] [glassfish 4.1] [INFO] [NCLS-BOOTSTRAP-00027] [javax.enterprise.bootstrap] [tid: _ThreadID=1 _ThreadName=main] [timeMillis: 1447316850579] [levelValue: 800] [[
  Registered com.sun.enterprise.glassfish.bootstrap.osgi.EmbeddedOSGiGlassFishImpl@4628dbc0 as OSGi service registration: org.apache.felix.framework.ServiceRegistrationImpl@65b30301.]]

[2015-11-12T15:27:32.757+0700] [glassfish 4.1] [INFO] [NCLS-CORE-00087] [javax.enterprise.system.core] [tid: _ThreadID=65 _ThreadName=pool-14-thread-1] [timeMillis: 1447316852757] [levelValue: 800] [[
  Grizzly Framework 2.3.15 started in: 4ms - bound to [/0.0.0.0:45128]]]

[2015-11-12T15:27:32.910+0700] [glassfish 4.1] [INFO] [NCLS-CORE-00087] [javax.enterprise.system.core] [tid: _ThreadID=38 _ThreadName=pool-8-thread-1] [timeMillis: 1447316852910] [levelValue: 800] [[
  Grizzly Framework 2.3.15 started in: 2ms - bound to [/0.0.0.0:45129]]]

[2015-11-12T15:27:35.516+0700] [glassfish 4.1] [INFO] [NCLS-JMX-00005] [javax.enterprise.system.jmx] [tid: _ThreadID=62 _ThreadName=Thread-14] [timeMillis: 1447316855516] [levelValue: 800] [[
  JMXStartupService has started JMXConnector on JMXService URL service:jmx:rmi://W8:45134/jndi/rmi://W8:45134/jmxrmi]]

[2015-11-12T15:34:12.150+0700] [glassfish 4.1] [INFO] [NCLS-CORE-00092] [javax.enterprise.system.core] [tid: _ThreadID=103 _ThreadName=Thread-21] [timeMillis: 1447317252150] [levelValue: 800] [[
  Server shutdown initiated]]

[2015-11-12T15:34:12.154+0700] [glassfish 4.1] [INFO] [NCLS-BOOTSTRAP-00028] [javax.enterprise.bootstrap] [tid: _ThreadID=103 _ThreadName=Thread-21] [timeMillis: 1447317252154] [levelValue: 800] [[
  Unregistered com.sun.enterprise.glassfish.bootstrap.osgi.EmbeddedOSGiGlassFishImpl@4628dbc0 from service registry.]]

[2015-11-12T15:34:12.156+0700] [glassfish 4.1] [INFO] [] [] [tid: _ThreadID=103 _ThreadName=Thread-8] [timeMillis: 1447317252156] [levelValue: 800] [[
  FileMonitoring shutdown]]

[2015-11-12T15:34:12.163+0700] [glassfish 4.1] [INFO] [NCLS-JMX-00002] [javax.enterprise.system.jmx] [tid: _ThreadID=103 _ThreadName=Thread-21] [timeMillis: 1447317252163] [levelValue: 800] [[
  JMXStartupService: Stopped JMXConnectorServer: null]]

[2015-11-12T15:34:12.164+0700] [glassfish 4.1] [INFO] [NCLS-JMX-00001] [javax.enterprise.system.jmx] [tid: _ThreadID=103 _ThreadName=Thread-21] [timeMillis: 1447317252164] [levelValue: 800] [[
  JMXStartupService and JMXConnectors have been shut down.]]

[2015-11-12T15:34:12.233+0700] [glassfish 4.1] [INFO] [] [] [tid: _ThreadID=108 _ThreadName=Thread-8] [timeMillis: 1447317252233] [levelValue: 800] [[
  JdbcRuntimeExtension,  getAllSystemRAResourcesAndPools = [GlassFishConfigBean.org.glassfish.jdbc.config.JdbcResource, GlassFishConfigBean.org.glassfish.jdbc.config.JdbcResource, GlassFishConfigBean.org.glassfish.jdbc.config.JdbcConnectionPool, GlassFishConfigBean.org.glassfish.jdbc.config.JdbcConnectionPool]]]

[2015-11-12T16:42:27.110+0700] [glassfish 4.1] [INFO] [NCLS-LOGGING-00009] [javax.enterprise.logging] [tid: _ThreadID=16 _ThreadName=RunLevelControllerThread-1447321346908] [timeMillis: 1447321347110] [levelValue: 800] [[
  Running GlassFish Version: GlassFish Server Open Source Edition  4.1  (build 13)]]

[2015-11-12T16:42:27.115+0700] [glassfish 4.1] [INFO] [NCLS-LOGGING-00010] [javax.enterprise.logging] [tid: _ThreadID=16 _ThreadName=RunLevelControllerThread-1447321346908] [timeMillis: 1447321347115] [levelValue: 800] [[
  Server log file is using Formatter class: com.sun.enterprise.server.logging.ODLLogFormatter]]

[2015-11-12T16:42:27.614+0700] [glassfish 4.1] [INFO] [] [org.glassfish.ha.store.spi.BackingStoreFactoryRegistry] [tid: _ThreadID=17 _ThreadName=RunLevelControllerThread-1447321346918] [timeMillis: 1447321347614] [levelValue: 800] [[
  Registered org.glassfish.ha.store.adapter.cache.ShoalBackingStoreProxy for persistence-type = replicated in BackingStoreFactoryRegistry]]

[2015-11-12T16:42:27.674+0700] [glassfish 4.1] [INFO] [NCLS-SECURITY-01115] [javax.enterprise.system.core.security] [tid: _ThreadID=15 _ThreadName=RunLevelControllerThread-1447321346905] [timeMillis: 1447321347674] [levelValue: 800] [[
  Realm [admin-realm] of classtype [com.sun.enterprise.security.auth.realm.file.FileRealm] successfully created.]]

[2015-11-12T16:42:27.690+0700] [glassfish 4.1] [INFO] [NCLS-SECURITY-01115] [javax.enterprise.system.core.security] [tid: _ThreadID=15 _ThreadName=RunLevelControllerThread-1447321346905] [timeMillis: 1447321347690] [levelValue: 800] [[
  Realm [file] of classtype [com.sun.enterprise.security.auth.realm.file.FileRealm] successfully created.]]

[2015-11-12T16:42:27.713+0700] [glassfish 4.1] [INFO] [NCLS-SECURITY-01115] [javax.enterprise.system.core.security] [tid: _ThreadID=15 _ThreadName=RunLevelControllerThread-1447321346905] [timeMillis: 1447321347713] [levelValue: 800] [[
  Realm [certificate] of classtype [com.sun.enterprise.security.auth.realm.certificate.CertificateRealm] successfully created.]]

[2015-11-12T16:42:27.844+0700] [glassfish 4.1] [INFO] [SEC-SVCS-00100] [javax.enterprise.security.services] [tid: _ThreadID=16 _ThreadName=RunLevelControllerThread-1447321346908] [timeMillis: 1447321347844] [levelValue: 800] [[
  Authorization Service has successfully initialized.]]

[2015-11-12T16:42:27.993+0700] [glassfish 4.1] [INFO] [NCLS-CORE-00087] [javax.enterprise.system.core] [tid: _ThreadID=18 _ThreadName=RunLevelControllerThread-1447321346918] [timeMillis: 1447321347993] [levelValue: 800] [[
  Grizzly Framework 2.3.15 started in: 35ms - bound to [/0.0.0.0:8080]]]

[2015-11-12T16:42:28.032+0700] [glassfish 4.1] [INFO] [NCLS-CORE-00087] [javax.enterprise.system.core] [tid: _ThreadID=18 _ThreadName=RunLevelControllerThread-1447321346918] [timeMillis: 1447321348032] [levelValue: 800] [[
  Grizzly Framework 2.3.15 started in: 2ms - bound to [/0.0.0.0:8181]]]

[2015-11-12T16:42:28.047+0700] [glassfish 4.1] [INFO] [NCLS-CORE-00087] [javax.enterprise.system.core] [tid: _ThreadID=18 _ThreadName=RunLevelControllerThread-1447321346918] [timeMillis: 1447321348047] [levelValue: 800] [[
  Grizzly Framework 2.3.15 started in: 5ms - bound to [/0.0.0.0:4848]]]

[2015-11-12T16:42:28.157+0700] [glassfish 4.1] [INFO] [NCLS-CORE-00087] [javax.enterprise.system.core] [tid: _ThreadID=15 _ThreadName=RunLevelControllerThread-1447321346905] [timeMillis: 1447321348157] [levelValue: 800] [[
  Grizzly Framework 2.3.15 started in: 2ms - bound to [/0.0.0.0:45085]]]

[2015-11-12T16:42:28.158+0700] [glassfish 4.1] [INFO] [NCLS-CORE-00017] [javax.enterprise.system.core] [tid: _ThreadID=1 _ThreadName=main] [timeMillis: 1447321348158] [levelValue: 800] [[
  GlassFish Server Open Source Edition  4.1  (13) startup time : Felix (20,251ms), startup services(1,261ms), total(21,512ms)]]

[2015-11-12T16:42:28.748+0700] [glassfish 4.1] [INFO] [NCLS-CORE-00087] [javax.enterprise.system.core] [tid: _ThreadID=17 _ThreadName=RunLevelControllerThread-1447321346918] [timeMillis: 1447321348748] [levelValue: 800] [[
  Grizzly Framework 2.3.15 started in: 3ms - bound to [/0.0.0.0:52724]]]

[2015-11-12T16:42:28.775+0700] [glassfish 4.1] [INFO] [NCLS-BOOTSTRAP-00027] [javax.enterprise.bootstrap] [tid: _ThreadID=1 _ThreadName=main] [timeMillis: 1447321348775] [levelValue: 800] [[
  Registered com.sun.enterprise.glassfish.bootstrap.osgi.EmbeddedOSGiGlassFishImpl@34ab8e1e as OSGi service registration: org.apache.felix.framework.ServiceRegistrationImpl@7b927218.]]

[2015-11-12T16:42:34.070+0700] [glassfish 4.1] [INFO] [NCLS-JMX-00005] [javax.enterprise.system.jmx] [tid: _ThreadID=55 _ThreadName=Thread-13] [timeMillis: 1447321354070] [levelValue: 800] [[
  JMXStartupService has started JMXConnector on JMXService URL service:jmx:rmi://W8:45134/jndi/rmi://W8:45134/jmxrmi]]

[2015-11-12T16:42:35.633+0700] [glassfish 4.1] [INFO] [] [org.hibernate.validator.internal.util.Version] [tid: _ThreadID=45 _ThreadName=admin-listener(1)] [timeMillis: 1447321355633] [levelValue: 800] [[
  HV000001: Hibernate Validator 5.0.0.Final]]

[2015-11-12T16:42:39.367+0700] [glassfish 4.1] [INFO] [NCLS-CORE-00087] [javax.enterprise.system.core] [tid: _ThreadID=88 _ThreadName=pool-21-thread-1] [timeMillis: 1447321359367] [levelValue: 800] [[
  Grizzly Framework 2.3.15 started in: 17ms - bound to [/0.0.0.0:8080]]]

[2015-11-12T16:42:39.590+0700] [glassfish 4.1] [INFO] [NCLS-CORE-00087] [javax.enterprise.system.core] [tid: _ThreadID=85 _ThreadName=pool-19-thread-1] [timeMillis: 1447321359590] [levelValue: 800] [[
  Grizzly Framework 2.3.15 started in: 9ms - bound to [/0.0.0.0:8181]]]

[2015-11-12T17:29:47.696+0700] [glassfish 4.1] [INFO] [NCLS-CORE-00092] [javax.enterprise.system.core] [tid: _ThreadID=114 _ThreadName=Thread-21] [timeMillis: 1447324187696] [levelValue: 800] [[
  Server shutdown initiated]]

[2015-11-12T17:29:55.643+0700] [glassfish 4.1] [INFO] [NCLS-BOOTSTRAP-00028] [javax.enterprise.bootstrap] [tid: _ThreadID=114 _ThreadName=Thread-21] [timeMillis: 1447324195643] [levelValue: 800] [[
  Unregistered com.sun.enterprise.glassfish.bootstrap.osgi.EmbeddedOSGiGlassFishImpl@34ab8e1e from service registry.]]

[2015-11-12T17:29:56.280+0700] [glassfish 4.1] [INFO] [] [] [tid: _ThreadID=114 _ThreadName=Thread-8] [timeMillis: 1447324196280] [levelValue: 800] [[
  FileMonitoring shutdown]]

[2015-11-12T17:29:59.530+0700] [glassfish 4.1] [INFO] [NCLS-JMX-00002] [javax.enterprise.system.jmx] [tid: _ThreadID=114 _ThreadName=Thread-21] [timeMillis: 1447324199530] [levelValue: 800] [[
  JMXStartupService: Stopped JMXConnectorServer: null]]

[2015-11-12T17:29:59.740+0700] [glassfish 4.1] [INFO] [NCLS-JMX-00001] [javax.enterprise.system.jmx] [tid: _ThreadID=114 _ThreadName=Thread-21] [timeMillis: 1447324199740] [levelValue: 800] [[
  JMXStartupService and JMXConnectors have been shut down.]]

[2015-11-12T17:30:09.137+0700] [glassfish 4.1] [WARNING] [NCLS-CORE-00090] [javax.enterprise.system.core] [tid: _ThreadID=45 _ThreadName=admin-listener(1)] [timeMillis: 1447324209137] [levelValue: 900] [[
  Internal Server error: /__asadmin/__locations
java.lang.RuntimeException: java.io.IOException
	at com.sun.enterprise.v3.admin.AdminAdapter.onMissingResource(AdminAdapter.java:266)
	at org.glassfish.grizzly.http.server.StaticHttpHandlerBase.service(StaticHttpHandlerBase.java:189)
	at com.sun.enterprise.v3.services.impl.ContainerMapper$HttpHandlerCallable.call(ContainerMapper.java:459)
	at com.sun.enterprise.v3.services.impl.ContainerMapper.service(ContainerMapper.java:167)
	at org.glassfish.grizzly.http.server.HttpHandler.runService(HttpHandler.java:201)
	at org.glassfish.grizzly.http.server.HttpHandler.doHandle(HttpHandler.java:175)
	at org.glassfish.grizzly.http.server.HttpServerFilter.handleRead(HttpServerFilter.java:235)
	at org.glassfish.grizzly.filterchain.ExecutorResolver$9.execute(ExecutorResolver.java:119)
	at org.glassfish.grizzly.filterchain.DefaultFilterChain.executeFilter(DefaultFilterChain.java:284)
	at org.glassfish.grizzly.filterchain.DefaultFilterChain.executeChainPart(DefaultFilterChain.java:201)
	at org.glassfish.grizzly.filterchain.DefaultFilterChain.execute(DefaultFilterChain.java:133)
	at org.glassfish.grizzly.filterchain.DefaultFilterChain.process(DefaultFilterChain.java:112)
	at org.glassfish.grizzly.ProcessorExecutor.execute(ProcessorExecutor.java:77)
	at org.glassfish.grizzly.nio.transport.TCPNIOTransport.fireIOEvent(TCPNIOTransport.java:561)
	at org.glassfish.grizzly.strategies.AbstractIOStrategy.fireIOEvent(AbstractIOStrategy.java:112)
	at org.glassfish.grizzly.strategies.WorkerThreadIOStrategy.run0(WorkerThreadIOStrategy.java:117)
	at org.glassfish.grizzly.strategies.WorkerThreadIOStrategy.access$100(WorkerThreadIOStrategy.java:56)
	at org.glassfish.grizzly.strategies.WorkerThreadIOStrategy$WorkerThreadRunnable.run(WorkerThreadIOStrategy.java:137)
	at org.glassfish.grizzly.threadpool.AbstractThreadPool$Worker.doWork(AbstractThreadPool.java:565)
	at org.glassfish.grizzly.threadpool.AbstractThreadPool$Worker.run(AbstractThreadPool.java:545)
	at java.lang.Thread.run(Thread.java:745)
Caused by: java.io.IOException
]]

[2015-11-12T17:30:12.049+0700] [glassfish 4.1] [WARNING] [NCLS-CORE-00091] [javax.enterprise.system.core] [tid: _ThreadID=45 _ThreadName=admin-listener(1)] [timeMillis: 1447324212049] [levelValue: 900] [[
  Unable to set customized error page
java.io.IOException
]]

[2015-11-12T17:30:31.978+0700] [glassfish 4.1] [INFO] [] [] [tid: _ThreadID=119 _ThreadName=Thread-8] [timeMillis: 1447324231978] [levelValue: 800] [[
  JdbcRuntimeExtension,  getAllSystemRAResourcesAndPools = [GlassFishConfigBean.org.glassfish.jdbc.config.JdbcResource, GlassFishConfigBean.org.glassfish.jdbc.config.JdbcResource, GlassFishConfigBean.org.glassfish.jdbc.config.JdbcResource, GlassFishConfigBean.org.glassfish.jdbc.config.JdbcConnectionPool, GlassFishConfigBean.org.glassfish.jdbc.config.JdbcConnectionPool, GlassFishConfigBean.org.glassfish.jdbc.config.JdbcConnectionPool]]]

